<?xml version="1.0" encoding="UTF-8"?>
<!-- Generated by org.testng.reporters.JUnitXMLReporter -->
<testsuite ignored="4" hostname="DESKTOP-AAOC0E9" failures="1" tests="5" name="Test" time="96.477" errors="0" timestamp="11 May 2021 06:39:46 GMT">
  <testcase classname="com.qa.FastMediaTest.HomePageTest" name="FastMediaHomePageTitleTest" time="0.049"/>
  <testcase classname="com.qa.FastMediaTest.LoginPageTest" name="validateLoginPageLable" time="3.929"/>
  <testcase classname="com.qa.FastMediaTest.ProductPageTest" name="CheckPriceHomeAndProductPageTest" time="4.592">
    <failure type="java.lang.AssertionError" message="Product Price not matched expected [₹ 8,185] but found [₹ 10,856]">
      <![CDATA[java.lang.AssertionError: Product Price not matched expected [₹ 8,185] but found [₹ 10,856]
at com.qa.FastMediaTest.ProductPageTest.CheckPriceHomeAndProductPageTest(ProductPageTest.java:74)
... Removed 30 stack frames]]>
    </failure>
  </testcase> <!-- CheckPriceHomeAndProductPageTest -->
  <testcase classname="com.qa.FastMediaTest.ContectUsPageTest" name="OurLocationSectionVisibilityTest" time="3.099"/>
  <testcase classname="com.qa.FastMediaTest.RegistrationPageTest" name="ValidateRegisterPageLable" time="3.843"/>
  <testcase classname="com.qa.FastMediaTest.HomePageTest" name="BagsAndCasesImageTest" time="0.0">
    <ignored/>
  </testcase> <!-- BagsAndCasesImageTest -->
  <testcase classname="com.qa.FastMediaTest.HomePageTest" name="ShopByBrandTitleCheck" time="0.0">
    <ignored/>
  </testcase> <!-- ShopByBrandTitleCheck -->
  <testcase classname="com.qa.FastMediaTest.HomePageTest" name="ContectusOpenAndTitleTest" time="0.0">
    <ignored/>
  </testcase> <!-- ContectusOpenAndTitleTest -->
  <testcase classname="com.qa.FastMediaTest.HomePageTest" name="HomePageImgVlaidateTest" time="0.0">
    <ignored/>
  </testcase> <!-- HomePageImgVlaidateTest -->
</testsuite> <!-- Test -->
